<?xml version="1.0" encoding="UTF-8"?>
<testng-results skipped="0" failed="0" ignored="0" total="1" passed="1">
  <reporter-output>
  </reporter-output>
  <suite name="Default suite" duration-ms="12453" started-at="2019-01-10T11:41:20Z" finished-at="2019-01-10T11:41:33Z">
    <groups>
    </groups>
    <test name="Default test" duration-ms="12453" started-at="2019-01-10T11:41:20Z" finished-at="2019-01-10T11:41:33Z">
      <class name="TinderFramework.Tinder.DoSwipeRightTinder">
        <test-method status="PASS" signature="beforeClass()[pri:0, instance:TinderFramework.Tinder.DoSwipeRightTinder@4eb7f003]" name="beforeClass" is-config="true" duration-ms="5883" started-at="2019-01-10T11:41:20Z" finished-at="2019-01-10T11:41:26Z">
          <reporter-output>
          </reporter-output>
        </test-method> <!-- beforeClass -->
        <test-method status="PASS" signature="openTinderPage()[pri:0, instance:TinderFramework.Tinder.DoSwipeRightTinder@4eb7f003]" name="openTinderPage" duration-ms="5635" started-at="2019-01-10T11:41:26Z" finished-at="2019-01-10T11:41:32Z">
          <reporter-output>
          </reporter-output>
        </test-method> <!-- openTinderPage -->
        <test-method status="PASS" signature="afterClass()[pri:0, instance:TinderFramework.Tinder.DoSwipeRightTinder@4eb7f003]" name="afterClass" is-config="true" duration-ms="913" started-at="2019-01-10T11:41:32Z" finished-at="2019-01-10T11:41:33Z">
          <reporter-output>
          </reporter-output>
        </test-method> <!-- afterClass -->
      </class> <!-- TinderFramework.Tinder.DoSwipeRightTinder -->
    </test> <!-- Default test -->
  </suite> <!-- Default suite -->
</testng-results>
